  Vector4f.cpp
  Vector3f.cpp
  Vector2f.cpp
  Quat4f.cpp
  Matrix4f.cpp
  Matrix3f.cpp
  Matrix2f.cpp
  texture.cpp
C:\Program Files (x86)\Microsoft Visual Studio 14.0\VC\include\xutility(2229): warning C4996: 'std::_Copy_impl': Function call with parameters that may be unsafe - this call relies on the caller to check that the passed values are correct. To disable this warning, use -D_SCL_SECURE_NO_WARNINGS. See documentation on how to use Visual C++ 'Checked Iterators'
  C:\Program Files (x86)\Microsoft Visual Studio 14.0\VC\include\xutility(2216): note: see declaration of 'std::_Copy_impl'
  c:\users\bobby\documents\6837\assignments\ithinkmygitrepoishere\raytracing\bitmap_image.hpp(159): note: see reference to function template instantiation '_OutIt std::copy<unsigned char*,unsigned char*>(_InIt,_InIt,_OutIt)' being compiled
          with
          [
              _OutIt=unsigned char *,
              _InIt=unsigned char *
          ]
  Sphere.cpp
C:\Program Files (x86)\Microsoft Visual Studio 14.0\VC\include\xutility(2229): warning C4996: 'std::_Copy_impl': Function call with parameters that may be unsafe - this call relies on the caller to check that the passed values are correct. To disable this warning, use -D_SCL_SECURE_NO_WARNINGS. See documentation on how to use Visual C++ 'Checked Iterators'
  C:\Program Files (x86)\Microsoft Visual Studio 14.0\VC\include\xutility(2216): note: see declaration of 'std::_Copy_impl'
  c:\users\bobby\documents\6837\assignments\ithinkmygitrepoishere\raytracing\bitmap_image.hpp(159): note: see reference to function template instantiation '_OutIt std::copy<unsigned char*,unsigned char*>(_InIt,_InIt,_OutIt)' being compiled
          with
          [
              _OutIt=unsigned char *,
              _InIt=unsigned char *
          ]
  Triangle.cpp
C:\Program Files (x86)\Microsoft Visual Studio 14.0\VC\include\xutility(2229): warning C4996: 'std::_Copy_impl': Function call with parameters that may be unsafe - this call relies on the caller to check that the passed values are correct. To disable this warning, use -D_SCL_SECURE_NO_WARNINGS. See documentation on how to use Visual C++ 'Checked Iterators'
  C:\Program Files (x86)\Microsoft Visual Studio 14.0\VC\include\xutility(2216): note: see declaration of 'std::_Copy_impl'
  c:\users\bobby\documents\6837\assignments\ithinkmygitrepoishere\raytracing\bitmap_image.hpp(159): note: see reference to function template instantiation '_OutIt std::copy<unsigned char*,unsigned char*>(_InIt,_InIt,_OutIt)' being compiled
          with
          [
              _OutIt=unsigned char *,
              _InIt=unsigned char *
          ]
  Transform.cpp
C:\Program Files (x86)\Microsoft Visual Studio 14.0\VC\include\xutility(2229): warning C4996: 'std::_Copy_impl': Function call with parameters that may be unsafe - this call relies on the caller to check that the passed values are correct. To disable this warning, use -D_SCL_SECURE_NO_WARNINGS. See documentation on how to use Visual C++ 'Checked Iterators'
  C:\Program Files (x86)\Microsoft Visual Studio 14.0\VC\include\xutility(2216): note: see declaration of 'std::_Copy_impl'
  c:\users\bobby\documents\6837\assignments\ithinkmygitrepoishere\raytracing\bitmap_image.hpp(159): note: see reference to function template instantiation '_OutIt std::copy<unsigned char*,unsigned char*>(_InIt,_InIt,_OutIt)' being compiled
          with
          [
              _OutIt=unsigned char *,
              _InIt=unsigned char *
          ]
  Plane.cpp
C:\Program Files (x86)\Microsoft Visual Studio 14.0\VC\include\xutility(2229): warning C4996: 'std::_Copy_impl': Function call with parameters that may be unsafe - this call relies on the caller to check that the passed values are correct. To disable this warning, use -D_SCL_SECURE_NO_WARNINGS. See documentation on how to use Visual C++ 'Checked Iterators'
  C:\Program Files (x86)\Microsoft Visual Studio 14.0\VC\include\xutility(2216): note: see declaration of 'std::_Copy_impl'
  c:\users\bobby\documents\6837\assignments\ithinkmygitrepoishere\raytracing\bitmap_image.hpp(159): note: see reference to function template instantiation '_OutIt std::copy<unsigned char*,unsigned char*>(_InIt,_InIt,_OutIt)' being compiled
          with
          [
              _OutIt=unsigned char *,
              _InIt=unsigned char *
          ]
  Material.cpp
C:\Program Files (x86)\Microsoft Visual Studio 14.0\VC\include\xutility(2229): warning C4996: 'std::_Copy_impl': Function call with parameters that may be unsafe - this call relies on the caller to check that the passed values are correct. To disable this warning, use -D_SCL_SECURE_NO_WARNINGS. See documentation on how to use Visual C++ 'Checked Iterators'
  C:\Program Files (x86)\Microsoft Visual Studio 14.0\VC\include\xutility(2216): note: see declaration of 'std::_Copy_impl'
  c:\users\bobby\documents\6837\assignments\ithinkmygitrepoishere\raytracing\bitmap_image.hpp(159): note: see reference to function template instantiation '_OutIt std::copy<unsigned char*,unsigned char*>(_InIt,_InIt,_OutIt)' being compiled
          with
          [
              _OutIt=unsigned char *,
              _InIt=unsigned char *
          ]
  PerspectiveCamera.cpp
  Group.cpp
C:\Program Files (x86)\Microsoft Visual Studio 14.0\VC\include\xutility(2229): warning C4996: 'std::_Copy_impl': Function call with parameters that may be unsafe - this call relies on the caller to check that the passed values are correct. To disable this warning, use -D_SCL_SECURE_NO_WARNINGS. See documentation on how to use Visual C++ 'Checked Iterators'
  C:\Program Files (x86)\Microsoft Visual Studio 14.0\VC\include\xutility(2216): note: see declaration of 'std::_Copy_impl'
  c:\users\bobby\documents\6837\assignments\ithinkmygitrepoishere\raytracing\bitmap_image.hpp(159): note: see reference to function template instantiation '_OutIt std::copy<unsigned char*,unsigned char*>(_InIt,_InIt,_OutIt)' being compiled
          with
          [
              _OutIt=unsigned char *,
              _InIt=unsigned char *
          ]
  SceneParser.cpp
SceneParser.cpp(42): warning C4996: 'fopen': This function or variable may be unsafe. Consider using fopen_s instead. To disable deprecation, use _CRT_SECURE_NO_WARNINGS. See online help for details.
  C:\Program Files (x86)\Windows Kits\10\Include\10.0.10240.0\ucrt\stdio.h(205): note: see declaration of 'fopen'
SceneParser.cpp(117): warning C4244: 'initializing': conversion from 'double' to 'float', possible loss of data
SceneParser.cpp(469): warning C4244: 'argument': conversion from 'double' to 'float', possible loss of data
SceneParser.cpp(471): warning C4244: 'argument': conversion from 'double' to 'float', possible loss of data
SceneParser.cpp(473): warning C4244: 'argument': conversion from 'double' to 'float', possible loss of data
SceneParser.cpp(478): warning C4244: 'initializing': conversion from 'double' to 'float', possible loss of data
SceneParser.cpp(512): warning C4996: 'fscanf': This function or variable may be unsafe. Consider using fscanf_s instead. To disable deprecation, use _CRT_SECURE_NO_WARNINGS. See online help for details.
  C:\Program Files (x86)\Windows Kits\10\Include\10.0.10240.0\ucrt\stdio.h(1193): note: see declaration of 'fscanf'
SceneParser.cpp(523): warning C4996: 'fscanf': This function or variable may be unsafe. Consider using fscanf_s instead. To disable deprecation, use _CRT_SECURE_NO_WARNINGS. See online help for details.
  C:\Program Files (x86)\Windows Kits\10\Include\10.0.10240.0\ucrt\stdio.h(1193): note: see declaration of 'fscanf'
SceneParser.cpp(534): warning C4996: 'fscanf': This function or variable may be unsafe. Consider using fscanf_s instead. To disable deprecation, use _CRT_SECURE_NO_WARNINGS. See online help for details.
  C:\Program Files (x86)\Windows Kits\10\Include\10.0.10240.0\ucrt\stdio.h(1193): note: see declaration of 'fscanf'
SceneParser.cpp(545): warning C4996: 'fscanf': This function or variable may be unsafe. Consider using fscanf_s instead. To disable deprecation, use _CRT_SECURE_NO_WARNINGS. See online help for details.
  C:\Program Files (x86)\Windows Kits\10\Include\10.0.10240.0\ucrt\stdio.h(1193): note: see declaration of 'fscanf'
SceneParser.cpp(556): warning C4996: 'fscanf': This function or variable may be unsafe. Consider using fscanf_s instead. To disable deprecation, use _CRT_SECURE_NO_WARNINGS. See online help for details.
  C:\Program Files (x86)\Windows Kits\10\Include\10.0.10240.0\ucrt\stdio.h(1193): note: see declaration of 'fscanf'
C:\Program Files (x86)\Microsoft Visual Studio 14.0\VC\include\xutility(2229): warning C4996: 'std::_Copy_impl': Function call with parameters that may be unsafe - this call relies on the caller to check that the passed values are correct. To disable this warning, use -D_SCL_SECURE_NO_WARNINGS. See documentation on how to use Visual C++ 'Checked Iterators'
  C:\Program Files (x86)\Microsoft Visual Studio 14.0\VC\include\xutility(2216): note: see declaration of 'std::_Copy_impl'
  c:\users\bobby\documents\6837\assignments\ithinkmygitrepoishere\raytracing\bitmap_image.hpp(159): note: see reference to function template instantiation '_OutIt std::copy<unsigned char*,unsigned char*>(_InIt,_InIt,_OutIt)' being compiled
          with
          [
              _OutIt=unsigned char *,
              _InIt=unsigned char *
          ]
  RayTracer.cpp
C:\Program Files (x86)\Microsoft Visual Studio 14.0\VC\include\xutility(2229): warning C4996: 'std::_Copy_impl': Function call with parameters that may be unsafe - this call relies on the caller to check that the passed values are correct. To disable this warning, use -D_SCL_SECURE_NO_WARNINGS. See documentation on how to use Visual C++ 'Checked Iterators'
  C:\Program Files (x86)\Microsoft Visual Studio 14.0\VC\include\xutility(2216): note: see declaration of 'std::_Copy_impl'
  c:\users\bobby\documents\6837\assignments\ithinkmygitrepoishere\raytracing\bitmap_image.hpp(159): note: see reference to function template instantiation '_OutIt std::copy<unsigned char*,unsigned char*>(_InIt,_InIt,_OutIt)' being compiled
          with
          [
              _OutIt=unsigned char *,
              _InIt=unsigned char *
          ]
  PerlinNoise.cpp
  octree.cpp
octree.cpp(179): warning C4244: '=': conversion from 'double' to 'float', possible loss of data
octree.cpp(180): warning C4244: '=': conversion from 'double' to 'float', possible loss of data
octree.cpp(181): warning C4244: '=': conversion from 'double' to 'float', possible loss of data
C:\Program Files (x86)\Microsoft Visual Studio 14.0\VC\include\xutility(2229): warning C4996: 'std::_Copy_impl': Function call with parameters that may be unsafe - this call relies on the caller to check that the passed values are correct. To disable this warning, use -D_SCL_SECURE_NO_WARNINGS. See documentation on how to use Visual C++ 'Checked Iterators'
  C:\Program Files (x86)\Microsoft Visual Studio 14.0\VC\include\xutility(2216): note: see declaration of 'std::_Copy_impl'
  c:\users\bobby\documents\6837\assignments\ithinkmygitrepoishere\raytracing\bitmap_image.hpp(159): note: see reference to function template instantiation '_OutIt std::copy<unsigned char*,unsigned char*>(_InIt,_InIt,_OutIt)' being compiled
          with
          [
              _OutIt=unsigned char *,
              _InIt=unsigned char *
          ]
  Noise.cpp
Noise.cpp(6): warning C4244: 'initializing': conversion from 'double' to 'float', possible loss of data
Noise.cpp(7): warning C4244: 'initializing': conversion from 'double' to 'float', possible loss of data
  Generating Code...
  Compiling...
  Mesh.cpp
Mesh.cpp(15): warning C4800: 'void *': forcing value to bool 'true' or 'false' (performance warning)
Mesh.cpp(46): warning C4800: 'void *': forcing value to bool 'true' or 'false' (performance warning)
Mesh.cpp(60): warning C4800: 'void *': forcing value to bool 'true' or 'false' (performance warning)
C:\Program Files (x86)\Microsoft Visual Studio 14.0\VC\include\xutility(2229): warning C4996: 'std::_Copy_impl': Function call with parameters that may be unsafe - this call relies on the caller to check that the passed values are correct. To disable this warning, use -D_SCL_SECURE_NO_WARNINGS. See documentation on how to use Visual C++ 'Checked Iterators'
  C:\Program Files (x86)\Microsoft Visual Studio 14.0\VC\include\xutility(2216): note: see declaration of 'std::_Copy_impl'
  c:\users\bobby\documents\6837\assignments\ithinkmygitrepoishere\raytracing\bitmap_image.hpp(159): note: see reference to function template instantiation '_OutIt std::copy<unsigned char*,unsigned char*>(_InIt,_InIt,_OutIt)' being compiled
          with
          [
              _OutIt=unsigned char *,
              _InIt=unsigned char *
          ]
  main.cpp
main.cpp(75): warning C4244: 'argument': conversion from 'time_t' to 'unsigned int', possible loss of data
C:\Program Files (x86)\Microsoft Visual Studio 14.0\VC\include\xutility(2229): warning C4996: 'std::_Copy_impl': Function call with parameters that may be unsafe - this call relies on the caller to check that the passed values are correct. To disable this warning, use -D_SCL_SECURE_NO_WARNINGS. See documentation on how to use Visual C++ 'Checked Iterators'
  C:\Program Files (x86)\Microsoft Visual Studio 14.0\VC\include\xutility(2216): note: see declaration of 'std::_Copy_impl'
  c:\users\bobby\documents\6837\assignments\ithinkmygitrepoishere\raytracing\bitmap_image.hpp(159): note: see reference to function template instantiation '_OutIt std::copy<unsigned char*,unsigned char*>(_InIt,_InIt,_OutIt)' being compiled
          with
          [
              _OutIt=unsigned char *,
              _InIt=unsigned char *
          ]
  Image.cpp
Image.cpp(49): warning C4996: 'fopen': This function or variable may be unsafe. Consider using fopen_s instead. To disable deprecation, use _CRT_SECURE_NO_WARNINGS. See online help for details.
  C:\Program Files (x86)\Windows Kits\10\Include\10.0.10240.0\ucrt\stdio.h(205): note: see declaration of 'fopen'
Image.cpp(109): warning C4244: 'argument': conversion from 'double' to 'float', possible loss of data
Image.cpp(83): warning C4996: 'fopen': This function or variable may be unsafe. Consider using fopen_s instead. To disable deprecation, use _CRT_SECURE_NO_WARNINGS. See online help for details.
  C:\Program Files (x86)\Windows Kits\10\Include\10.0.10240.0\ucrt\stdio.h(205): note: see declaration of 'fopen'
Image.cpp(125): warning C4996: 'fopen': This function or variable may be unsafe. Consider using fopen_s instead. To disable deprecation, use _CRT_SECURE_NO_WARNINGS. See online help for details.
  C:\Program Files (x86)\Windows Kits\10\Include\10.0.10240.0\ucrt\stdio.h(205): note: see declaration of 'fopen'
Image.cpp(172): warning C4244: 'argument': conversion from 'double' to 'float', possible loss of data
Image.cpp(150): warning C4996: 'fopen': This function or variable may be unsafe. Consider using fopen_s instead. To disable deprecation, use _CRT_SECURE_NO_WARNINGS. See online help for details.
  C:\Program Files (x86)\Windows Kits\10\Include\10.0.10240.0\ucrt\stdio.h(205): note: see declaration of 'fopen'
Image.cpp(160): warning C4996: 'sscanf': This function or variable may be unsafe. Consider using sscanf_s instead. To disable deprecation, use _CRT_SECURE_NO_WARNINGS. See online help for details.
  C:\Program Files (x86)\Windows Kits\10\Include\10.0.10240.0\ucrt\stdio.h(2254): note: see declaration of 'sscanf'
Image.cpp(256): warning C4996: 'strcpy': This function or variable may be unsafe. Consider using strcpy_s instead. To disable deprecation, use _CRT_SECURE_NO_WARNINGS. See online help for details.
  C:\Program Files (x86)\Windows Kits\10\Include\10.0.10240.0\ucrt\string.h(119): note: see declaration of 'strcpy'
Image.cpp(272): warning C4996: 'fopen': This function or variable may be unsafe. Consider using fopen_s instead. To disable deprecation, use _CRT_SECURE_NO_WARNINGS. See online help for details.
  C:\Program Files (x86)\Windows Kits\10\Include\10.0.10240.0\ucrt\stdio.h(205): note: see declaration of 'fopen'
  CubeMap.cpp
CubeMap.cpp(30): warning C4244: 'argument': conversion from 'double' to 'float', possible loss of data
C:\Program Files (x86)\Microsoft Visual Studio 14.0\VC\include\xutility(2229): warning C4996: 'std::_Copy_impl': Function call with parameters that may be unsafe - this call relies on the caller to check that the passed values are correct. To disable this warning, use -D_SCL_SECURE_NO_WARNINGS. See documentation on how to use Visual C++ 'Checked Iterators'
  C:\Program Files (x86)\Microsoft Visual Studio 14.0\VC\include\xutility(2216): note: see declaration of 'std::_Copy_impl'
  c:\users\bobby\documents\6837\assignments\ithinkmygitrepoishere\raytracing\bitmap_image.hpp(159): note: see reference to function template instantiation '_OutIt std::copy<unsigned char*,unsigned char*>(_InIt,_InIt,_OutIt)' being compiled
          with
          [
              _OutIt=unsigned char *,
              _InIt=unsigned char *
          ]
  Generating Code...
  RayTracing.vcxproj -> C:\Users\Bobby\Documents\6837\assignments\IThinkMyGitRepoIsHere\RayTracing\Debug\RayTracing.exe
