  camera.cpp
  ClothSystem.cpp
ClothSystem.cpp(16): warning C4552: '/': operator has no effect; expected operator with side-effect
ClothSystem.cpp(41): warning C4554: '&': check operator precedence for possible error; use parentheses to clarify precedence
ClothSystem.cpp(42): warning C4554: '&': check operator precedence for possible error; use parentheses to clarify precedence
ClothSystem.cpp(97): warning C4018: '<': signed/unsigned mismatch
  main.cpp
main.cpp(64): warning C4244: 'argument': conversion from 'time_t' to 'unsigned int', possible loss of data
main.cpp(92): warning C4244: 'argument': conversion from 'float' to 'GLint', possible loss of data
main.cpp(248): warning C4060: switch statement contains no 'case' or 'default' labels
  particleSystem.cpp
  pendulumSystem.cpp
pendulumSystem.cpp(14): warning C4244: '=': conversion from 'int' to 'float', possible loss of data
  simpleSystem.cpp
simpleSystem.cpp(28): warning C4244: 'argument': conversion from 'double' to 'GLint', possible loss of data
  TimeStepper.cpp
TimeStepper.cpp(9): warning C4018: '<': signed/unsigned mismatch
TimeStepper.cpp(24): warning C4018: '<': signed/unsigned mismatch
TimeStepper.cpp(30): warning C4018: '<': signed/unsigned mismatch
TimeStepper.cpp(42): warning C4018: '<': signed/unsigned mismatch
TimeStepper.cpp(48): warning C4018: '<': signed/unsigned mismatch
TimeStepper.cpp(54): warning C4018: '<': signed/unsigned mismatch
TimeStepper.cpp(60): warning C4018: '<': signed/unsigned mismatch
  Matrix2f.cpp
  Matrix3f.cpp
  Matrix4f.cpp
  Quat4f.cpp
  Vector2f.cpp
  Vector3f.cpp
  Vector4f.cpp
  Generating Code...
  a3.vcxproj -> C:\Users\Bobby\Documents\6837\assignments\a3\Release\a3.exe
