c:\users\bobby\documents\6837\assignments\a4\distrib\release\vc140.pdb
c:\users\bobby\documents\6837\assignments\a4\distrib\release\vector4f.obj
c:\users\bobby\documents\6837\assignments\a4\distrib\release\vector3f.obj
c:\users\bobby\documents\6837\assignments\a4\distrib\release\vector2f.obj
c:\users\bobby\documents\6837\assignments\a4\distrib\release\quat4f.obj
c:\users\bobby\documents\6837\assignments\a4\distrib\release\matrix4f.obj
c:\users\bobby\documents\6837\assignments\a4\distrib\release\matrix3f.obj
c:\users\bobby\documents\6837\assignments\a4\distrib\release\matrix2f.obj
c:\users\bobby\documents\6837\assignments\a4\distrib\release\texture.obj
c:\users\bobby\documents\6837\assignments\a4\distrib\release\sceneparser.obj
c:\users\bobby\documents\6837\assignments\a4\distrib\release\mesh.obj
c:\users\bobby\documents\6837\assignments\a4\distrib\release\main.obj
c:\users\bobby\documents\6837\assignments\a4\distrib\release\image.obj
c:\users\bobby\documents\6837\assignments\a4\distrib\release\sphere.obj
c:\users\bobby\documents\6837\assignments\a4\distrib\release\group.obj
c:\users\bobby\documents\6837\assignments\a4\distrib\release\perspectivecamera.obj
c:\users\bobby\documents\6837\assignments\a4\distrib\release\triangle.obj
c:\users\bobby\documents\6837\assignments\a4\distrib\release\plane.obj
c:\users\bobby\documents\6837\assignments\a4\distrib\release\material.obj
c:\users\bobby\documents\6837\assignments\a4\distrib\release\transform.obj
c:\users\bobby\documents\6837\assignments\a4\distrib\release\perlinnoise.obj
c:\users\bobby\documents\6837\assignments\a4\distrib\release\noise.obj
c:\users\bobby\documents\6837\assignments\a4\distrib\release\cubemap.obj
c:\users\bobby\documents\6837\assignments\a4\distrib\release\octree.obj
c:\users\bobby\documents\6837\assignments\a4\distrib\release\raytracer.obj
c:\users\bobby\documents\6837\assignments\globalillumination_1\release\vc140.pdb
c:\users\bobby\documents\6837\assignments\globalillumination_1\release\matrix2f.obj
c:\users\bobby\documents\6837\assignments\globalillumination_1\release\texture.obj
c:\users\bobby\documents\6837\assignments\globalillumination_1\release\perspectivecamera.obj
c:\users\bobby\documents\6837\assignments\globalillumination_1\release\perlinnoise.obj
c:\users\bobby\documents\6837\assignments\globalillumination_1\release\noise.obj
c:\users\bobby\documents\6837\assignments\globalillumination_1\release\image.obj
c:\users\bobby\documents\6837\assignments\globalillumination_1\release\cubemap.obj
c:\users\bobby\documents\6837\assignments\globalillumination_1\release\vector4f.obj
c:\users\bobby\documents\6837\assignments\globalillumination_1\release\vector3f.obj
c:\users\bobby\documents\6837\assignments\globalillumination_1\release\vector2f.obj
c:\users\bobby\documents\6837\assignments\globalillumination_1\release\quat4f.obj
c:\users\bobby\documents\6837\assignments\globalillumination_1\release\matrix4f.obj
c:\users\bobby\documents\6837\assignments\globalillumination_1\release\matrix3f.obj
c:\users\bobby\documents\6837\assignments\globalillumination_1\release\samplephoton.obj
c:\users\bobby\documents\6837\assignments\globalillumination_1\release\lightsource.obj
c:\users\bobby\documents\6837\assignments\globalillumination_1\release\material.obj
c:\users\bobby\documents\6837\assignments\globalillumination_1\release\sphere.obj
c:\users\bobby\documents\6837\assignments\globalillumination_1\release\triangle.obj
c:\users\bobby\documents\6837\assignments\globalillumination_1\release\transform.obj
c:\users\bobby\documents\6837\assignments\globalillumination_1\release\rectangle.obj
c:\users\bobby\documents\6837\assignments\globalillumination_1\release\plane.obj
c:\users\bobby\documents\6837\assignments\globalillumination_1\release\group.obj
c:\users\bobby\documents\6837\assignments\globalillumination_1\release\sceneparser.obj
c:\users\bobby\documents\6837\assignments\globalillumination_1\release\sampleray.obj
c:\users\bobby\documents\6837\assignments\globalillumination_1\release\octree.obj
c:\users\bobby\documents\6837\assignments\globalillumination_1\release\mesh.obj
c:\users\bobby\documents\6837\assignments\globalillumination_1\release\main.obj
c:\users\bobby\documents\6837\assignments\globalillumination_1\release\3dtree.obj
c:\users\bobby\documents\6837\assignments\globalillumination_1\release\departure.obj
c:\users\bobby\documents\6837\assignments\a4\distrib\release\a4.exe
c:\users\bobby\documents\6837\assignments\a4\distrib\release\a4.pdb
c:\users\bobby\documents\6837\assignments\globalillumination_1\release\a4.exe
c:\users\bobby\documents\6837\assignments\globalillumination_1\release\a4.pdb
c:\users\bobby\documents\6837\assignments\globalillumination_1\release\raytracer.obj
c:\users\bobby\documents\6837\assignments\globalillumination_1\release\a4.tlog\cl.command.1.tlog
c:\users\bobby\documents\6837\assignments\globalillumination_1\release\a4.tlog\cl.read.1.tlog
c:\users\bobby\documents\6837\assignments\globalillumination_1\release\a4.tlog\cl.write.1.tlog
c:\users\bobby\documents\6837\assignments\globalillumination_1\release\a4.tlog\link.command.1.tlog
c:\users\bobby\documents\6837\assignments\globalillumination_1\release\a4.tlog\link.read.1.tlog
c:\users\bobby\documents\6837\assignments\globalillumination_1\release\a4.tlog\link.write.1.tlog
